# JRE version: Java(TM) SE Runtime Environment (8.0_202-b08) (build 1.8.0_202-b08)
# Java VM: Java HotSpot(TM) 64-Bit Server VM (25.202-b08 mixed mode windows-amd64 compressed oops)
Heap:
 PSYoungGen      total 61952K, used 14816K [0x00000000daf00000, 0x00000000df000000, 0x0000000100000000)
  eden space 57344K, 17% used [0x00000000daf00000,0x00000000db8fe9f0,0x00000000de700000)
  from space 4608K, 99% used [0x00000000deb80000,0x00000000deff9848,0x00000000df000000)
  to   space 4608K, 0% used [0x00000000de700000,0x00000000de700000,0x00000000deb80000)
 ParOldGen       total 76800K, used 7373K [0x0000000090c00000, 0x0000000095700000, 0x00000000daf00000)
  object space 76800K, 9% used [0x0000000090c00000,0x00000000913334f8,0x0000000095700000)
 Metaspace       used 17619K, capacity 18128K, committed 18432K, reserved 1064960K
  class space    used 2286K, capacity 2440K, committed 2560K, reserved 1048576K
GC Heap History (8 events):
Event: 1.338 GC heap before
{Heap before GC invocations=1 (full 0):
 PSYoungGen      total 33280K, used 28672K [0x00000000daf00000, 0x00000000dd400000, 0x0000000100000000)
  eden space 28672K, 100% used [0x00000000daf00000,0x00000000dcb00000,0x00000000dcb00000)
  from space 4608K, 0% used [0x00000000dcf80000,0x00000000dcf80000,0x00000000dd400000)
  to   space 4608K, 0% used [0x00000000dcb00000,0x00000000dcb00000,0x00000000dcf80000)
 ParOldGen       total 76800K, used 0K [0x0000000090c00000, 0x0000000095700000, 0x00000000daf00000)
  object space 76800K, 0% used [0x0000000090c00000,0x0000000090c00000,0x0000000095700000)
 Metaspace       used 8471K, capacity 8682K, committed 8832K, reserved 1056768K
  class space    used 990K, capacity 1039K, committed 1152K, reserved 1048576K
Event: 1.346 GC heap after
Heap after GC invocations=1 (full 0):
 PSYoungGen      total 33280K, used 4605K [0x00000000daf00000, 0x00000000dd400000, 0x0000000100000000)
  eden space 28672K, 0% used [0x00000000daf00000,0x00000000daf00000,0x00000000dcb00000)
  from space 4608K, 99% used [0x00000000dcb00000,0x00000000dcf7f538,0x00000000dcf80000)
  to   space 4608K, 0% used [0x00000000dcf80000,0x00000000dcf80000,0x00000000dd400000)
 ParOldGen       total 76800K, used 54K [0x0000000090c00000, 0x0000000095700000, 0x00000000daf00000)
  object space 76800K, 0% used [0x0000000090c00000,0x0000000090c0db60,0x0000000095700000)
 Metaspace       used 8471K, capacity 8682K, committed 8832K, reserved 1056768K
  class space    used 990K, capacity 1039K, committed 1152K, reserved 1048576K
}
Event: 1.725 GC heap before
{Heap before GC invocations=2 (full 0):
 PSYoungGen      total 33280K, used 33277K [0x00000000daf00000, 0x00000000dd400000, 0x0000000100000000)
  eden space 28672K, 100% used [0x00000000daf00000,0x00000000dcb00000,0x00000000dcb00000)
  from space 4608K, 99% used [0x00000000dcb00000,0x00000000dcf7f538,0x00000000dcf80000)
  to   space 4608K, 0% used [0x00000000dcf80000,0x00000000dcf80000,0x00000000dd400000)
 ParOldGen       total 76800K, used 54K [0x0000000090c00000, 0x0000000095700000, 0x00000000daf00000)
  object space 76800K, 0% used [0x0000000090c00000,0x0000000090c0db60,0x0000000095700000)
 Metaspace       used 12270K, capacity 12610K, committed 12928K, reserved 1060864K
  class space    used 1488K, capacity 1579K, committed 1664K, reserved 1048576K
Event: 1.735 GC heap after
Heap after GC invocations=2 (full 0):
 PSYoungGen      total 33280K, used 4577K [0x00000000daf00000, 0x00000000df000000, 0x0000000100000000)
  eden space 28672K, 0% used [0x00000000daf00000,0x00000000daf00000,0x00000000dcb00000)
  from space 4608K, 99% used [0x00000000dcf80000,0x00000000dd3f8698,0x00000000dd400000)
  to   space 4608K, 0% used [0x00000000dcb00000,0x00000000dcb00000,0x00000000dcf80000)
 ParOldGen       total 76800K, used 1012K [0x0000000090c00000, 0x0000000095700000, 0x00000000daf00000)
  object space 76800K, 1% used [0x0000000090c00000,0x0000000090cfd268,0x0000000095700000)
 Metaspace       used 12270K, capacity 12610K, committed 12928K, reserved 1060864K
  class space    used 1488K, capacity 1579K, committed 1664K, reserved 1048576K
}
Event: 2.064 GC heap before
{Heap before GC invocations=3 (full 0):
 PSYoungGen      total 33280K, used 33249K [0x00000000daf00000, 0x00000000df000000, 0x0000000100000000)
  eden space 28672K, 100% used [0x00000000daf00000,0x00000000dcb00000,0x00000000dcb00000)
  from space 4608K, 99% used [0x00000000dcf80000,0x00000000dd3f8698,0x00000000dd400000)
  to   space 4608K, 0% used [0x00000000dcb00000,0x00000000dcb00000,0x00000000dcf80000)
 ParOldGen       total 76800K, used 1012K [0x0000000090c00000, 0x0000000095700000, 0x00000000daf00000)
  object space 76800K, 1% used [0x0000000090c00000,0x0000000090cfd268,0x0000000095700000)
 Metaspace       used 14325K, capacity 14794K, committed 15104K, reserved 1062912K
  class space    used 1865K, capacity 1971K, committed 2048K, reserved 1048576K
Event: 2.075 GC heap after
Heap after GC invocations=3 (full 0):
 PSYoungGen      total 33280K, used 4604K [0x00000000daf00000, 0x00000000df000000, 0x0000000100000000)
  eden space 28672K, 0% used [0x00000000daf00000,0x00000000daf00000,0x00000000dcb00000)
  from space 4608K, 99% used [0x00000000dcb00000,0x00000000dcf7f330,0x00000000dcf80000)
  to   space 4608K, 0% used [0x00000000deb80000,0x00000000deb80000,0x00000000df000000)
 ParOldGen       total 76800K, used 2133K [0x0000000090c00000, 0x0000000095700000, 0x00000000daf00000)
  object space 76800K, 2% used [0x0000000090c00000,0x0000000090e156a0,0x0000000095700000)
 Metaspace       used 14325K, capacity 14794K, committed 15104K, reserved 1062912K
  class space    used 1865K, capacity 1971K, committed 2048K, reserved 1048576K
}
Event: 2.537 GC heap before
{Heap before GC invocations=4 (full 0):
 PSYoungGen      total 33280K, used 33276K [0x00000000daf00000, 0x00000000df000000, 0x0000000100000000)
  eden space 28672K, 100% used [0x00000000daf00000,0x00000000dcb00000,0x00000000dcb00000)
  from space 4608K, 99% used [0x00000000dcb00000,0x00000000dcf7f330,0x00000000dcf80000)
  to   space 4608K, 0% used [0x00000000deb80000,0x00000000deb80000,0x00000000df000000)
 ParOldGen       total 76800K, used 2133K [0x0000000090c00000, 0x0000000095700000, 0x00000000daf00000)
  object space 76800K, 2% used [0x0000000090c00000,0x0000000090e156a0,0x0000000095700000)
 Metaspace       used 17416K, capacity 17872K, committed 18048K, reserved 1064960K
  class space    used 2257K, capacity 2376K, committed 2432K, reserved 1048576K
Event: 2.556 GC heap after
Heap after GC invocations=4 (full 0):
 PSYoungGen      total 61952K, used 4582K [0x00000000daf00000, 0x00000000df000000, 0x0000000100000000)
  eden space 57344K, 0% used [0x00000000daf00000,0x00000000daf00000,0x00000000de700000)
  from space 4608K, 99% used [0x00000000deb80000,0x00000000deff9848,0x00000000df000000)
  to   space 4608K, 0% used [0x00000000de700000,0x00000000de700000,0x00000000deb80000)
 ParOldGen       total 76800K, used 7373K [0x0000000090c00000, 0x0000000095700000, 0x00000000daf00000)
  object space 76800K, 9% used [0x0000000090c00000,0x00000000913334f8,0x0000000095700000)
 Metaspace       used 17416K, capacity 17872K, committed 18048K, reserved 1064960K
  class space    used 2257K, capacity 2376K, committed 2432K, reserved 1048576K
}

