# JRE version: Java(TM) SE Runtime Environment (8.0_202-b08) (build 1.8.0_202-b08)
# Java VM: Java HotSpot(TM) 64-Bit Server VM (25.202-b08 mixed mode windows-amd64 compressed oops)
Heap:
 PSYoungGen      total 332800K, used 62407K [0x00000000daf00000, 0x00000000f5180000, 0x0000000100000000)
  eden space 317952K, 14% used [0x00000000daf00000,0x00000000ddd782b8,0x00000000ee580000)
  from space 14848K, 99% used [0x00000000ee580000,0x00000000ef3f9a20,0x00000000ef400000)
  to   space 18944K, 0% used [0x00000000f3f00000,0x00000000f3f00000,0x00000000f5180000)
 ParOldGen       total 125952K, used 49921K [0x0000000090c00000, 0x0000000098700000, 0x00000000daf00000)
  object space 125952K, 39% used [0x0000000090c00000,0x0000000093cc06e0,0x0000000098700000)
 Metaspace       used 76635K, capacity 79892K, committed 80128K, reserved 1118208K
  class space    used 10076K, capacity 10916K, committed 11008K, reserved 1048576K
GC Heap History (10 events):
Event: 20.683 GC heap before
{Heap before GC invocations=14 (full 2):
 PSYoungGen      total 186368K, used 184322K [0x00000000daf00000, 0x00000000eb480000, 0x0000000100000000)
  eden space 171520K, 100% used [0x00000000daf00000,0x00000000e5680000,0x00000000e5680000)
  from space 14848K, 86% used [0x00000000e5680000,0x00000000e6300970,0x00000000e6500000)
  to   space 15872K, 0% used [0x00000000ea500000,0x00000000ea500000,0x00000000eb480000)
 ParOldGen       total 80896K, used 19593K [0x0000000090c00000, 0x0000000095b00000, 0x00000000daf00000)
  object space 80896K, 24% used [0x0000000090c00000,0x0000000091f22480,0x0000000095b00000)
 Metaspace       used 49046K, capacity 50628K, committed 50944K, reserved 1093632K
  class space    used 6216K, capacity 6530K, committed 6656K, reserved 1048576K
Event: 20.732 GC heap after
Heap after GC invocations=14 (full 2):
 PSYoungGen      total 251904K, used 11550K [0x00000000daf00000, 0x00000000eb680000, 0x0000000100000000)
  eden space 236032K, 0% used [0x00000000daf00000,0x00000000daf00000,0x00000000e9580000)
  from space 15872K, 72% used [0x00000000ea500000,0x00000000eb0479f0,0x00000000eb480000)
  to   space 15872K, 0% used [0x00000000e9580000,0x00000000e9580000,0x00000000ea500000)
 ParOldGen       total 80896K, used 19601K [0x0000000090c00000, 0x0000000095b00000, 0x00000000daf00000)
  object space 80896K, 24% used [0x0000000090c00000,0x0000000091f24480,0x0000000095b00000)
 Metaspace       used 49046K, capacity 50628K, committed 50944K, reserved 1093632K
  class space    used 6216K, capacity 6530K, committed 6656K, reserved 1048576K
}
Event: 23.968 GC heap before
{Heap before GC invocations=15 (full 2):
 PSYoungGen      total 251904K, used 247582K [0x00000000daf00000, 0x00000000eb680000, 0x0000000100000000)
  eden space 236032K, 100% used [0x00000000daf00000,0x00000000e9580000,0x00000000e9580000)
  from space 15872K, 72% used [0x00000000ea500000,0x00000000eb0479f0,0x00000000eb480000)
  to   space 15872K, 0% used [0x00000000e9580000,0x00000000e9580000,0x00000000ea500000)
 ParOldGen       total 80896K, used 19601K [0x0000000090c00000, 0x0000000095b00000, 0x00000000daf00000)
  object space 80896K, 24% used [0x0000000090c00000,0x0000000091f24480,0x0000000095b00000)
 Metaspace       used 52245K, capacity 54148K, committed 54272K, reserved 1097728K
  class space    used 6566K, capacity 6910K, committed 6912K, reserved 1048576K
Event: 24.005 GC heap after
Heap after GC invocations=15 (full 2):
 PSYoungGen      total 251904K, used 9270K [0x00000000daf00000, 0x00000000f0780000, 0x0000000100000000)
  eden space 236032K, 0% used [0x00000000daf00000,0x00000000daf00000,0x00000000e9580000)
  from space 15872K, 58% used [0x00000000e9580000,0x00000000e9e8d878,0x00000000ea500000)
  to   space 15360K, 0% used [0x00000000ef880000,0x00000000ef880000,0x00000000f0780000)
 ParOldGen       total 80896K, used 28449K [0x0000000090c00000, 0x0000000095b00000, 0x00000000daf00000)
  object space 80896K, 35% used [0x0000000090c00000,0x00000000927c8448,0x0000000095b00000)
 Metaspace       used 52245K, capacity 54148K, committed 54272K, reserved 1097728K
  class space    used 6566K, capacity 6910K, committed 6912K, reserved 1048576K
}
Event: 28.093 GC heap before
{Heap before GC invocations=16 (full 2):
 PSYoungGen      total 251904K, used 122131K [0x00000000daf00000, 0x00000000f0780000, 0x0000000100000000)
  eden space 236032K, 47% used [0x00000000daf00000,0x00000000e1d37698,0x00000000e9580000)
  from space 15872K, 58% used [0x00000000e9580000,0x00000000e9e8d878,0x00000000ea500000)
  to   space 15360K, 0% used [0x00000000ef880000,0x00000000ef880000,0x00000000f0780000)
 ParOldGen       total 80896K, used 28449K [0x0000000090c00000, 0x0000000095b00000, 0x00000000daf00000)
  object space 80896K, 35% used [0x0000000090c00000,0x00000000927c8448,0x0000000095b00000)
 Metaspace       used 56778K, capacity 58892K, committed 59008K, reserved 1101824K
  class space    used 7144K, capacity 7544K, committed 7552K, reserved 1048576K
Event: 28.151 GC heap after
Heap after GC invocations=16 (full 2):
 PSYoungGen      total 328192K, used 9087K [0x00000000daf00000, 0x00000000f0280000, 0x0000000100000000)
  eden space 317952K, 0% used [0x00000000daf00000,0x00000000daf00000,0x00000000ee580000)
  from space 10240K, 88% used [0x00000000ef880000,0x00000000f015fd20,0x00000000f0280000)
  to   space 14848K, 0% used [0x00000000ee580000,0x00000000ee580000,0x00000000ef400000)
 ParOldGen       total 80896K, used 35373K [0x0000000090c00000, 0x0000000095b00000, 0x00000000daf00000)
  object space 80896K, 43% used [0x0000000090c00000,0x0000000092e8b558,0x0000000095b00000)
 Metaspace       used 56778K, capacity 58892K, committed 59008K, reserved 1101824K
  class space    used 7144K, capacity 7544K, committed 7552K, reserved 1048576K
}
Event: 28.151 GC heap before
{Heap before GC invocations=17 (full 3):
 PSYoungGen      total 328192K, used 9087K [0x00000000daf00000, 0x00000000f0280000, 0x0000000100000000)
  eden space 317952K, 0% used [0x00000000daf00000,0x00000000daf00000,0x00000000ee580000)
  from space 10240K, 88% used [0x00000000ef880000,0x00000000f015fd20,0x00000000f0280000)
  to   space 14848K, 0% used [0x00000000ee580000,0x00000000ee580000,0x00000000ef400000)
 ParOldGen       total 80896K, used 35373K [0x0000000090c00000, 0x0000000095b00000, 0x00000000daf00000)
  object space 80896K, 43% used [0x0000000090c00000,0x0000000092e8b558,0x0000000095b00000)
 Metaspace       used 56778K, capacity 58892K, committed 59008K, reserved 1101824K
  class space    used 7144K, capacity 7544K, committed 7552K, reserved 1048576K
Event: 29.001 GC heap after
Heap after GC invocations=17 (full 3):
 PSYoungGen      total 328192K, used 0K [0x00000000daf00000, 0x00000000f0280000, 0x0000000100000000)
  eden space 317952K, 0% used [0x00000000daf00000,0x00000000daf00000,0x00000000ee580000)
  from space 10240K, 0% used [0x00000000ef880000,0x00000000ef880000,0x00000000f0280000)
  to   space 14848K, 0% used [0x00000000ee580000,0x00000000ee580000,0x00000000ef400000)
 ParOldGen       total 125952K, used 42515K [0x0000000090c00000, 0x0000000098700000, 0x00000000daf00000)
  object space 125952K, 33% used [0x0000000090c00000,0x0000000093584ca0,0x0000000098700000)
 Metaspace       used 56778K, capacity 58892K, committed 59008K, reserved 1101824K
  class space    used 7144K, capacity 7544K, committed 7552K, reserved 1048576K
}
Event: 39.381 GC heap before
{Heap before GC invocations=18 (full 3):
 PSYoungGen      total 328192K, used 317952K [0x00000000daf00000, 0x00000000f0280000, 0x0000000100000000)
  eden space 317952K, 100% used [0x00000000daf00000,0x00000000ee580000,0x00000000ee580000)
  from space 10240K, 0% used [0x00000000ef880000,0x00000000ef880000,0x00000000f0280000)
  to   space 14848K, 0% used [0x00000000ee580000,0x00000000ee580000,0x00000000ef400000)
 ParOldGen       total 125952K, used 42515K [0x0000000090c00000, 0x0000000098700000, 0x00000000daf00000)
  object space 125952K, 33% used [0x0000000090c00000,0x0000000093584ca0,0x0000000098700000)
 Metaspace       used 75533K, capacity 78738K, committed 78848K, reserved 1118208K
  class space    used 9913K, capacity 10711K, committed 10752K, reserved 1048576K
Event: 39.419 GC heap after
Heap after GC invocations=18 (full 3):
 PSYoungGen      total 332800K, used 14822K [0x00000000daf00000, 0x00000000f5180000, 0x0000000100000000)
  eden space 317952K, 0% used [0x00000000daf00000,0x00000000daf00000,0x00000000ee580000)
  from space 14848K, 99% used [0x00000000ee580000,0x00000000ef3f9a20,0x00000000ef400000)
  to   space 18944K, 0% used [0x00000000f3f00000,0x00000000f3f00000,0x00000000f5180000)
 ParOldGen       total 125952K, used 49921K [0x0000000090c00000, 0x0000000098700000, 0x00000000daf00000)
  object space 125952K, 39% used [0x0000000090c00000,0x0000000093cc06e0,0x0000000098700000)
 Metaspace       used 75533K, capacity 78738K, committed 78848K, reserved 1118208K
  class space    used 9913K, capacity 10711K, committed 10752K, reserved 1048576K
}

